<?xml version="1.0" encoding="UTF-8"?>
<!-- Generated by org.testng.reporters.JUnitReportReporter -->
<testsuite hostname="Mac" failures="0" tests="1" name="SauceDemoTests.ProductDTOFilterTest" time="3.819" errors="0" timestamp="2025-03-08T19:25:30 AST" skipped="0">
  <testcase classname="SauceDemoTests.ProductDTOFilterTest" name="testProductSortingAndCartVerification" time="3.819"/>
</testsuite> <!-- SauceDemoTests.ProductDTOFilterTest -->
