<?xml version="1.0" encoding="UTF-8"?>
<!-- Generated by org.testng.reporters.JUnitReportReporter -->
<testsuite hostname="Mac" failures="0" tests="1" name="ApiUiValidationTests.ApiUiValidationTest" time="1.195" errors="0" timestamp="2025-03-08T19:25:30 AST" skipped="0">
  <testcase classname="ApiUiValidationTests.ApiUiValidationTest" name="testApiUiValidation" time="1.195"/>
</testsuite> <!-- ApiUiValidationTests.ApiUiValidationTest -->
