<?xml version="1.0" encoding="UTF-8"?>
<!-- Generated by org.testng.reporters.JUnitReportReporter -->
<testsuite hostname="Mac" failures="0" tests="1" name="SauceDemoTests.CheckoutTest" time="3.329" errors="0" timestamp="2025-03-08T19:25:30 AST" skipped="0">
  <testcase classname="SauceDemoTests.CheckoutTest" name="testCheckoutWorkflow" time="3.329"/>
</testsuite> <!-- SauceDemoTests.CheckoutTest -->
